<?xml version="1.0" encoding="UTF-8"?>
<!-- Generated by org.testng.reporters.JUnitReportReporter -->
<testsuite hostname="LAPTOP-JK7K9216" failures="0" tests="1" name="TestScript.MetricUnit_Script" time="2.454" errors="0" timestamp="2024-07-04T20:57:42 EDT" skipped="0">
  <testcase classname="TestScript.MetricUnit_Script" name="TC_002" time="2.454"/>
  <system-out/>
</testsuite> <!-- TestScript.MetricUnit_Script -->
