<?xml version="1.0" encoding="UTF-8"?>
<!-- Generated by org.testng.reporters.JUnitReportReporter -->
<testsuite hostname="LAPTOP-JK7K9216" failures="0" tests="3" name="TestScript.MetricUnit_Script" time="7.620" errors="0" timestamp="2024-07-05T12:07:10 EDT" skipped="0">
  <testcase classname="TestScript.MetricUnit_Script" name="TC_003" time="3.570"/>
  <system-out/>
  <testcase classname="TestScript.MetricUnit_Script" name="TC_002" time="1.964"/>
  <system-out/>
  <testcase classname="TestScript.MetricUnit_Script" name="TC_001" time="2.086"/>
  <system-out/>
</testsuite> <!-- TestScript.MetricUnit_Script -->
